2025-01-09T15:26:49.322+0100 INFO               [main]                         be.pxl.service.NewsArticleServiceApplication - Starting NewsArticleServiceApplication using Java 17.0.1 with PID 20568 (C:\Users\12001979\Documents\school_2024-2025\fullstack_java\project\project-LaurensWertelaersPXL\backend-java\NewsArticleApplication\newsarticle-service\target\classes started by 12001979 in C:\Users\12001979\Documents\school_2024-2025\fullstack_java\project\project-LaurensWertelaersPXL\backend-java\NewsArticleApplication)
2025-01-09T15:26:49.325+0100 DEBUG              [main]                         be.pxl.service.NewsArticleServiceApplication - Running with Spring Boot v3.3.4, Spring v6.1.13
2025-01-09T15:26:49.326+0100 INFO               [main]                         be.pxl.service.NewsArticleServiceApplication - No active profile set, falling back to 1 default profile: "default"
2025-01-09T15:26:59.471+0100 INFO               [main]                         be.pxl.service.NewsArticleServiceApplication - Started NewsArticleServiceApplication in 12.739 seconds (process running for 13.511)
2025-01-09T15:27:36.184+0100 INFO               [http-nio-8081-exec-2]         be.pxl.service.controller.NewsArticleController - NewsArticleController: called getAllNewsArticles() - [GET] /api/newsarticle 
2025-01-09T15:27:36.184+0100 INFO               [http-nio-8081-exec-2]         be.pxl.service.service.NewsArticleService - NewsArticleService: getting NewsArticles
2025-01-09T15:36:33.412+0100 INFO               [main]                         be.pxl.service.ReviewServiceApplication - Starting ReviewServiceApplication using Java 17.0.1 with PID 18692 (C:\Users\12001979\Documents\school_2024-2025\fullstack_java\project\project-LaurensWertelaersPXL\backend-java\NewsArticleApplication\review-service\target\classes started by 12001979 in C:\Users\12001979\Documents\school_2024-2025\fullstack_java\project\project-LaurensWertelaersPXL\backend-java\NewsArticleApplication)
2025-01-09T15:36:33.414+0100 DEBUG              [main]                         be.pxl.service.ReviewServiceApplication - Running with Spring Boot v3.3.4, Spring v6.1.13
2025-01-09T15:36:33.414+0100 INFO               [main]                         be.pxl.service.ReviewServiceApplication - No active profile set, falling back to 1 default profile: "default"
2025-01-09T15:36:41.558+0100 INFO               [main]                         be.pxl.service.ReviewServiceApplication - Started ReviewServiceApplication in 10.458 seconds (process running for 11.221)
2025-01-09T15:43:20.848+0100 INFO               [http-nio-8082-exec-1]         be.pxl.service.controller.ReviewController - ReviewController: called approve() - [POST] /api/review/approve 
2025-01-09T15:43:20.848+0100 INFO               [http-nio-8082-exec-1]         be.pxl.service.service.ReviewService - ReviewService: approving
2025-01-09T15:52:18.235+0100 INFO               [main]                         be.pxl.service.NewsArticleServiceApplication - Starting NewsArticleServiceApplication using Java 17.0.1 with PID 16100 (C:\Users\12001979\Documents\school_2024-2025\fullstack_java\project\project-LaurensWertelaersPXL\backend-java\NewsArticleApplication\newsarticle-service\target\classes started by 12001979 in C:\Users\12001979\Documents\school_2024-2025\fullstack_java\project\project-LaurensWertelaersPXL\backend-java\NewsArticleApplication)
2025-01-09T15:52:18.236+0100 DEBUG              [main]                         be.pxl.service.NewsArticleServiceApplication - Running with Spring Boot v3.3.4, Spring v6.1.13
2025-01-09T15:52:18.236+0100 INFO               [main]                         be.pxl.service.NewsArticleServiceApplication - No active profile set, falling back to 1 default profile: "default"
2025-01-09T15:52:26.482+0100 INFO               [main]                         be.pxl.service.NewsArticleServiceApplication - Started NewsArticleServiceApplication in 10.608 seconds (process running for 11.323)
2025-01-09T15:54:41.465+0100 INFO               [main]                         be.pxl.service.ReviewServiceApplication - Starting ReviewServiceApplication using Java 17.0.1 with PID 26476 (C:\Users\12001979\Documents\school_2024-2025\fullstack_java\project\project-LaurensWertelaersPXL\backend-java\NewsArticleApplication\review-service\target\classes started by 12001979 in C:\Users\12001979\Documents\school_2024-2025\fullstack_java\project\project-LaurensWertelaersPXL\backend-java\NewsArticleApplication)
2025-01-09T15:54:41.466+0100 DEBUG              [main]                         be.pxl.service.ReviewServiceApplication - Running with Spring Boot v3.3.4, Spring v6.1.13
2025-01-09T15:54:41.467+0100 INFO               [main]                         be.pxl.service.ReviewServiceApplication - No active profile set, falling back to 1 default profile: "default"
2025-01-09T15:54:49.876+0100 INFO               [main]                         be.pxl.service.ReviewServiceApplication - Started ReviewServiceApplication in 10.764 seconds (process running for 11.469)
2025-01-09T15:59:47.098+0100 INFO               [main]                         be.pxl.service.CommentServiceApplication - Starting CommentServiceApplication using Java 17.0.1 with PID 27420 (C:\Users\12001979\Documents\school_2024-2025\fullstack_java\project\project-LaurensWertelaersPXL\backend-java\NewsArticleApplication\comment-service\target\classes started by 12001979 in C:\Users\12001979\Documents\school_2024-2025\fullstack_java\project\project-LaurensWertelaersPXL\backend-java\NewsArticleApplication)
2025-01-09T15:59:47.100+0100 DEBUG              [main]                         be.pxl.service.CommentServiceApplication - Running with Spring Boot v3.3.4, Spring v6.1.13
2025-01-09T15:59:47.101+0100 INFO               [main]                         be.pxl.service.CommentServiceApplication - No active profile set, falling back to 1 default profile: "default"
2025-01-09T15:59:55.525+0100 INFO               [main]                         be.pxl.service.CommentServiceApplication - Started CommentServiceApplication in 10.736 seconds (process running for 11.443)
